F:\CODES\TEMP\DLLDEMO\DEBUG\DLLDEMO.OBJ
F:\CODES\TEMP\DLLDEMO\DEBUG\VC110.PDB
F:\CODES\TEMP\MYDLL\DEBUG\DLLDEMO.ILK
F:\CODES\TEMP\MYDLL\DEBUG\DLLDEMO.EXE
F:\CODES\TEMP\MYDLL\DEBUG\DLLDEMO.PDB
F:\Codes\thread\dll\dllDemo\Debug\dllDemo.obj
F:\Codes\thread\dll\dllDemo\Debug\cl.command.1.tlog
F:\Codes\thread\dll\dllDemo\Debug\CL.read.1.tlog
F:\Codes\thread\dll\dllDemo\Debug\CL.write.1.tlog
F:\Codes\thread\dll\dllDemo\Debug\link-cvtres.read.1.tlog
F:\Codes\thread\dll\dllDemo\Debug\link-cvtres.write.1.tlog
F:\Codes\thread\dll\dllDemo\Debug\link-rc.read.1.tlog
F:\Codes\thread\dll\dllDemo\Debug\link-rc.write.1.tlog
F:\Codes\thread\dll\dllDemo\Debug\link.5400-cvtres.read.1.tlog
F:\Codes\thread\dll\dllDemo\Debug\link.5400-cvtres.write.1.tlog
F:\Codes\thread\dll\dllDemo\Debug\link.5400-rc.read.1.tlog
F:\Codes\thread\dll\dllDemo\Debug\link.5400-rc.write.1.tlog
F:\Codes\thread\dll\dllDemo\Debug\link.5400.read.1.tlog
F:\Codes\thread\dll\dllDemo\Debug\link.5400.write.1.tlog
F:\Codes\thread\dll\dllDemo\Debug\link.command.1.tlog
F:\Codes\thread\dll\dllDemo\Debug\link.read.1.tlog
F:\Codes\thread\dll\dllDemo\Debug\link.write.1.tlog
F:\Codes\thread\dll\dllDemo\Debug\vc110.idb
F:\Codes\thread\dll\dllDemo\Debug\vc110.pdb
F:\Codes\thread\dll\Mydll\Debug\dllDemo.exe
