F:\CODES\TEMP\MYDLL\DEBUG\MYDLL.OBJ
F:\CODES\TEMP\MYDLL\DEBUG\VC110.PDB
F:\CODES\TEMP\MYDLL\DEBUG\MYDLL.ILK
F:\CODES\TEMP\MYDLL\DEBUG\MYDLL.DLL
F:\CODES\TEMP\MYDLL\DEBUG\MYDLL.PDB
F:\Codes\temp\Mydll\Debug\Mydll.lib
F:\Codes\temp\Mydll\Debug\Mydll.exp
F:\Codes\thread\dll\Mydll\Debug\Mydll.obj
F:\Codes\thread\dll\Mydll\Debug\dllDemo.ilk
F:\Codes\thread\dll\Mydll\Debug\Mydll.ilk
F:\Codes\thread\dll\Mydll\Debug\cl.command.1.tlog
F:\Codes\thread\dll\Mydll\Debug\CL.read.1.tlog
F:\Codes\thread\dll\Mydll\Debug\CL.write.1.tlog
F:\Codes\thread\dll\Mydll\Debug\link-cvtres.read.1.tlog
F:\Codes\thread\dll\Mydll\Debug\link-cvtres.write.1.tlog
F:\Codes\thread\dll\Mydll\Debug\link-rc.read.1.tlog
F:\Codes\thread\dll\Mydll\Debug\link-rc.write.1.tlog
F:\Codes\thread\dll\Mydll\Debug\link.command.1.tlog
F:\Codes\thread\dll\Mydll\Debug\link.read.1.tlog
F:\Codes\thread\dll\Mydll\Debug\link.write.1.tlog
F:\Codes\thread\dll\Mydll\Debug\Mydll.write.1.tlog
F:\Codes\thread\dll\Mydll\Debug\Mydll.exp
F:\Codes\thread\dll\Mydll\Debug\vc110.idb
F:\Codes\thread\dll\Mydll\Debug\dllDemo.pdb
F:\Codes\thread\dll\Mydll\Debug\Mydll.pdb
F:\Codes\thread\dll\Mydll\Debug\vc110.pdb
F:\Codes\thread\dll\Mydll\Debug\Mydll.dll
