F:\GITHUB\THREAD\MUTEX\MUTEX1\DEBUG\MUTEX.OBJ
F:\GITHUB\THREAD\MUTEX\MUTEX1\DEBUG\VC110.PDB
F:\GITHUB\THREAD\MUTEX\DEBUG\MUTEX1.ILK
F:\GITHUB\THREAD\MUTEX\DEBUG\MUTEX1.EXE
F:\GITHUB\THREAD\MUTEX\DEBUG\MUTEX1.PDB
F:\github\thread\mutex\mutex1\Debug\cl.command.1.tlog
F:\github\thread\mutex\mutex1\Debug\CL.read.1.tlog
F:\github\thread\mutex\mutex1\Debug\CL.write.1.tlog
F:\github\thread\mutex\mutex1\Debug\link-cvtres.read.1.tlog
F:\github\thread\mutex\mutex1\Debug\link-cvtres.write.1.tlog
F:\github\thread\mutex\mutex1\Debug\link-rc.read.1.tlog
F:\github\thread\mutex\mutex1\Debug\link-rc.write.1.tlog
F:\github\thread\mutex\mutex1\Debug\link.command.1.tlog
F:\github\thread\mutex\mutex1\Debug\link.read.1.tlog
F:\github\thread\mutex\mutex1\Debug\link.write.1.tlog
F:\github\thread\mutex\mutex1\Debug\vc110.idb
F:\github\thread\mutex\mutex1\Debug\vc110.pdb
F:\github\thread\mutex\Debug\mutex1.pdb
F:\github\thread\mutex\Debug\mutex1.exe
F:\github\thread\mutex\Debug\mutex1.ilk
